********************************************************************************
Obsolete PIO Core v6.1.16 is used (previous was 6.1.19)
Please remove multiple PIO Cores from a system:
https://docs.platformio.org/en/latest/core/installation/troubleshooting.html
********************************************************************************
Processing esp32-s3-devkitm-1 (platform: espressif32; board: esp32-s3-devkitm-1; framework: arduino)
--------------------------------------------------------------------------------
Verbose mode can be enabled via `-v, --verbose` option
CONFIGURATION: https://docs.platformio.org/page/boards/espressif32/esp32-s3-devkitm-1.html
PLATFORM: Espressif 32 (6.10.0) > Espressif ESP32-S3-DevKitM-1
HARDWARE: ESP32S3 240MHz, 320KB RAM, 8MB Flash
DEBUG: Current (esp-builtin) On-board (esp-builtin) External (cmsis-dap, esp-bridge, esp-prog, iot-bus-jtag, jlink, minimodule, olimex-arm-usb-ocd, olimex-arm-usb-ocd-h, olimex-arm-usb-tiny-h, olimex-jtag-tiny, tumpa)
PACKAGES: 
 - framework-arduinoespressif32 @ 3.20017.241212+sha.dcc1105b 
 - tool-esptoolpy @ 1.40501.0 (4.5.1) 
 - toolchain-riscv32-esp @ 8.4.0+2021r2-patch5 
 - toolchain-xtensa-esp32s3 @ 8.4.0+2021r2-patch5
LDF: Library Dependency Finder -> https://bit.ly/configure-pio-ldf
LDF Modes: Finder ~ chain, Compatibility ~ soft
Found 48 compatible libraries
Scanning dependencies...
Dependency Graph
|-- ESP32Encoder @ 0.10.2
|-- Adafruit GFX Library @ 1.11.11
|-- Adafruit BusIO @ 1.17.0
|-- Wire @ 2.0.0
|-- SPI @ 2.0.0
|-- FS @ 2.0.0
|-- SPIFFS @ 2.0.0
|-- Adafruit ADXL345 @ 1.3.4
|-- TFT_eSPI @ 2.5.43
|-- FastLED @ 3.6.0
|-- EEPROM @ 2.0.0
|-- Adafruit Unified Sensor @ 1.1.15
|-- DFRobotDFPlayerMini @ 1.0.6
|-- arduinoFFT @ 1.6.2
|-- Adafruit PN532 @ 1.3.4
|-- DOITlib
|-- ArduinoOTA @ 2.0.0
|-- WiFi @ 2.0.0
Building in debug mode
Compiling .pio\build\esp32-s3-devkitm-1\src\main.cpp.o
In file included from src/main.cpp:5:
.pio/libdeps/esp32-s3-devkitm-1/TFT_eSPI/TFT_eSPI.h:973:8: warning: #warning >>>>------>> TOUCH_CS pin not defined, TFT_eSPI touch functions will not be available! [-Wcpp]
       #warning >>>>------>> TOUCH_CS pin not defined, TFT_eSPI touch functions will not be available!
        ^~~~~~~
Archiving .pio\build\esp32-s3-devkitm-1\libd06\libFS.a
Archiving .pio\build\esp32-s3-devkitm-1\lib7e8\libSPIFFS.a
Archiving .pio\build\esp32-s3-devkitm-1\lib1f8\libAdafruit Unified Sensor.a
In file included from .pio/libdeps/esp32-s3-devkitm-1/FastLED/src/FastLED.h:75,
                 from lib/DOITlib/Frame_DMS/Frame_DMS.h:10,
                 from lib/DOITlib/Element_DMS/Element_DMS.h:10,
                 from lib/DOITlib/Colors_DMS/Color_DMS.h:7,
                 from src/main.cpp:6:
.pio/libdeps/esp32-s3-devkitm-1/FastLED/src/fastspi.h:157:23: note: #pragma message: No hardware SPI pins defined.  All SPI access will default to bitbanged output
 #      pragma message "No hardware SPI pins defined.  All SPI access will default to bitbanged output"
                       ^~~~~~~~~~~~~~~~~~~~~~~~~~~~~~~~~~~~~~~~~~~~~~~~~~~~~~~~~~~~~~~~~~~~~~~~~~~~~~~~
Archiving .pio\build\esp32-s3-devkitm-1\lib465\libAdafruit ADXL345.a
Archiving .pio\build\esp32-s3-devkitm-1\lib484\libLittleFS.a
Compiling .pio\build\esp32-s3-devkitm-1\lib9bf\TFT_eSPI\TFT_eSPI.cpp.o
Compiling .pio\build\esp32-s3-devkitm-1\libe52\EEPROM\EEPROM.cpp.o
Compiling .pio\build\esp32-s3-devkitm-1\lib7da\DFRobotDFPlayerMini\DFRobotDFPlayerMini.cpp.o
Compiling .pio\build\esp32-s3-devkitm-1\lib154\arduinoFFT\arduinoFFT.cpp.o
Compiling .pio\build\esp32-s3-devkitm-1\lib6ca\Adafruit PN532\Adafruit_PN532.cpp.o
In file included from .pio/libdeps/esp32-s3-devkitm-1/TFT_eSPI/TFT_eSPI.cpp:16:
.pio/libdeps/esp32-s3-devkitm-1/TFT_eSPI/TFT_eSPI.h:973:8: warning: #warning >>>>------>> TOUCH_CS pin not defined, TFT_eSPI touch functions will not be available! [-Wcpp]
       #warning >>>>------>> TOUCH_CS pin not defined, TFT_eSPI touch functions will not be available!
        ^~~~~~~
Compiling .pio\build\esp32-s3-devkitm-1\libbc3\Update\HttpsOTAUpdate.cpp.o
Compiling .pio\build\esp32-s3-devkitm-1\libbc3\Update\Updater.cpp.o
.pio/libdeps/esp32-s3-devkitm-1/arduinoFFT/src/arduinoFFT.cpp:25:2: warning: #warning ("This method is deprecated and may be removed on future revisions.") [-Wcpp]
 #warning("This method is deprecated and may be removed on future revisions.")
  ^~~~~~~
.pio/libdeps/esp32-s3-devkitm-1/arduinoFFT/src/arduinoFFT.cpp:45:2: warning: #warning ("This method is deprecated and may be removed on future revisions.") [-Wcpp]
 #warning("This method is deprecated and may be removed on future revisions.")
  ^~~~~~~
.pio/libdeps/esp32-s3-devkitm-1/arduinoFFT/src/arduinoFFT.cpp:118:2: warning: #warning ("This method is deprecated and may be removed on future revisions.") [-Wcpp]
 #warning("This method is deprecated and may be removed on future revisions.")
  ^~~~~~~
.pio/libdeps/esp32-s3-devkitm-1/arduinoFFT/src/arduinoFFT.cpp:191:2: warning: #warning ("This method is deprecated and may be removed on future revisions.") [-Wcpp]
 #warning("This method is deprecated and may be removed on future revisions.")
  ^~~~~~~
.pio/libdeps/esp32-s3-devkitm-1/arduinoFFT/src/arduinoFFT.cpp:212:2: warning: #warning ("This method is deprecated and may be removed on future revisions.") [-Wcpp]
 #warning("This method is deprecated and may be removed on future revisions.")
  ^~~~~~~
.pio/libdeps/esp32-s3-devkitm-1/arduinoFFT/src/arduinoFFT.cpp:296:2: warning: #warning ("This method is deprecated and may be removed on future revisions.") [-Wcpp]
 #warning("This method is deprecated and may be removed on future revisions.")
  ^~~~~~~
.pio/libdeps/esp32-s3-devkitm-1/arduinoFFT/src/arduinoFFT.cpp:429:2: warning: #warning ("This method is deprecated and may be removed on future revisions.") [-Wcpp]
 #warning("This method is deprecated and may be removed on future revisions.")
  ^~~~~~~
.pio/libdeps/esp32-s3-devkitm-1/arduinoFFT/src/arduinoFFT.cpp:456:2: warning: #warning ("This method is deprecated and may be removed on future revisions.") [-Wcpp]
 #warning("This method is deprecated and may be removed on future revisions.")
  ^~~~~~~
.pio/libdeps/esp32-s3-devkitm-1/arduinoFFT/src/arduinoFFT.cpp:537:2: warning: #warning ("This method may not be accessible on future revisions.") [-Wcpp]
 #warning("This method may not be accessible on future revisions.")
  ^~~~~~~
Compiling .pio\build\esp32-s3-devkitm-1\libdc6\WiFi\WiFi.cpp.o
Archiving .pio\build\esp32-s3-devkitm-1\lib7da\libDFRobotDFPlayerMini.a
Archiving .pio\build\esp32-s3-devkitm-1\libe52\libEEPROM.a
Compiling .pio\build\esp32-s3-devkitm-1\libdc6\WiFi\WiFiAP.cpp.o
Compiling .pio\build\esp32-s3-devkitm-1\libdc6\WiFi\WiFiClient.cpp.o
Compiling .pio\build\esp32-s3-devkitm-1\libdc6\WiFi\WiFiGeneric.cpp.o
Compiling .pio\build\esp32-s3-devkitm-1\libdc6\WiFi\WiFiMulti.cpp.o
Compiling .pio\build\esp32-s3-devkitm-1\libdc6\WiFi\WiFiSTA.cpp.o
Compiling .pio\build\esp32-s3-devkitm-1\libdc6\WiFi\WiFiScan.cpp.o
Archiving .pio\build\esp32-s3-devkitm-1\lib154\libarduinoFFT.a
Compiling .pio\build\esp32-s3-devkitm-1\libdc6\WiFi\WiFiServer.cpp.o
Compiling .pio\build\esp32-s3-devkitm-1\libdc6\WiFi\WiFiUdp.cpp.o
Archiving .pio\build\esp32-s3-devkitm-1\lib6ca\libAdafruit PN532.a
Compiling .pio\build\esp32-s3-devkitm-1\libf40\ESPmDNS\ESPmDNS.cpp.o
Archiving .pio\build\esp32-s3-devkitm-1\libbc3\libUpdate.a
Compiling .pio\build\esp32-s3-devkitm-1\lib302\ArduinoOTA\ArduinoOTA.cpp.o
Compiling .pio\build\esp32-s3-devkitm-1\lib9f9\DOITlib\ADXL345_handler\ADXL345_handler.cpp.o
Archiving .pio\build\esp32-s3-devkitm-1\lib9bf\libTFT_eSPI.a
Compiling .pio\build\esp32-s3-devkitm-1\lib9f9\DOITlib\Colors_DMS\Color_DMS.cpp.o
Archiving .pio\build\esp32-s3-devkitm-1\libdc6\libWiFi.a
Compiling .pio\build\esp32-s3-devkitm-1\lib9f9\DOITlib\DynamicLEDManager_DMS\DynamicLEDManager_DMS.cpp.o
Compiling .pio\build\esp32-s3-devkitm-1\lib9f9\DOITlib\Element_DMS\Element_DMS.cpp.o
Compiling .pio\build\esp32-s3-devkitm-1\lib9f9\DOITlib\Frame_DMS\Frame_DMS.cpp.o
Compiling .pio\build\esp32-s3-devkitm-1\lib9f9\DOITlib\Pulsadores_handler\Pulsadores_handler.cpp.o
Compiling .pio\build\esp32-s3-devkitm-1\lib9f9\DOITlib\RelayManager_DMS\RelayStateManager.cpp.o
Compiling .pio\build\esp32-s3-devkitm-1\lib9f9\DOITlib\SPIFFS_handler\SPIFFS_handler.cpp.o
Compiling .pio\build\esp32-s3-devkitm-1\lib9f9\DOITlib\Translations_handler\translations.cpp.o
Archiving .pio\build\esp32-s3-devkitm-1\libf40\libESPmDNS.a
Compiling .pio\build\esp32-s3-devkitm-1\lib9f9\DOITlib\botonera_DMS\botonera_DMS.cpp.o
Compiling .pio\build\esp32-s3-devkitm-1\lib9f9\DOITlib\display_handler\display_handler.cpp.o
Archiving .pio\build\esp32-s3-devkitm-1\lib302\libArduinoOTA.a
Compiling .pio\build\esp32-s3-devkitm-1\lib9f9\DOITlib\encoder_handler\encoder_handler.cpp.o
In file included from .pio/libdeps/esp32-s3-devkitm-1/FastLED/src/FastLED.h:75,
                 from lib/DOITlib/Frame_DMS/Frame_DMS.h:10,
                 from lib/DOITlib/ADXL345_handler/ADXL345_handler.h:5,
                 from lib/DOITlib/ADXL345_handler/ADXL345_handler.cpp:1:
.pio/libdeps/esp32-s3-devkitm-1/FastLED/src/fastspi.h:157:23: note: #pragma message: No hardware SPI pins defined.  All SPI access will default to bitbanged output
 #      pragma message "No hardware SPI pins defined.  All SPI access will default to bitbanged output"
                       ^~~~~~~~~~~~~~~~~~~~~~~~~~~~~~~~~~~~~~~~~~~~~~~~~~~~~~~~~~~~~~~~~~~~~~~~~~~~~~~~
In file included from .pio/libdeps/esp32-s3-devkitm-1/FastLED/src/FastLED.h:75,
                 from lib/DOITlib/DynamicLEDManager_DMS/DynamicLEDManager_DMS.h:2,
                 from lib/DOITlib/DynamicLEDManager_DMS/DynamicLEDManager_DMS.cpp:1:
.pio/libdeps/esp32-s3-devkitm-1/FastLED/src/fastspi.h:157:23: note: #pragma message: No hardware SPI pins defined.  All SPI access will default to bitbanged output
 #      pragma message "No hardware SPI pins defined.  All SPI access will default to bitbanged output"
                       ^~~~~~~~~~~~~~~~~~~~~~~~~~~~~~~~~~~~~~~~~~~~~~~~~~~~~~~~~~~~~~~~~~~~~~~~~~~~~~~~
In file included from lib/DOITlib/display_handler/display_handler.h:4,
                 from lib/DOITlib/Pulsadores_handler/Pulsadores_handler.cpp:9:
.pio/libdeps/esp32-s3-devkitm-1/TFT_eSPI/TFT_eSPI.h:973:8: warning: #warning >>>>------>> TOUCH_CS pin not defined, TFT_eSPI touch functions will not be available! [-Wcpp]
       #warning >>>>------>> TOUCH_CS pin not defined, TFT_eSPI touch functions will not be available!
        ^~~~~~~
In file included from .pio/libdeps/esp32-s3-devkitm-1/FastLED/src/FastLED.h:75,
                 from lib/DOITlib/Frame_DMS/Frame_DMS.h:10,
                 from lib/DOITlib/Element_DMS/Element_DMS.h:10,
                 from lib/DOITlib/Colors_DMS/Color_DMS.h:7,
                 from lib/DOITlib/Colors_DMS/Color_DMS.cpp:1:
.pio/libdeps/esp32-s3-devkitm-1/FastLED/src/fastspi.h:157:23: note: #pragma message: No hardware SPI pins defined.  All SPI access will default to bitbanged output
 #      pragma message "No hardware SPI pins defined.  All SPI access will default to bitbanged output"
                       ^~~~~~~~~~~~~~~~~~~~~~~~~~~~~~~~~~~~~~~~~~~~~~~~~~~~~~~~~~~~~~~~~~~~~~~~~~~~~~~~
In file included from .pio/libdeps/esp32-s3-devkitm-1/FastLED/src/FastLED.h:75,
                 from lib/DOITlib/Frame_DMS/Frame_DMS.h:10,
                 from lib/DOITlib/Frame_DMS/Frame_DMS.cpp:2:
.pio/libdeps/esp32-s3-devkitm-1/FastLED/src/fastspi.h:157:23: note: #pragma message: No hardware SPI pins defined.  All SPI access will default to bitbanged output
 #      pragma message "No hardware SPI pins defined.  All SPI access will default to bitbanged output"
                       ^~~~~~~~~~~~~~~~~~~~~~~~~~~~~~~~~~~~~~~~~~~~~~~~~~~~~~~~~~~~~~~~~~~~~~~~~~~~~~~~
In file included from lib/DOITlib/display_handler/display_handler.h:4,
                 from lib/DOITlib/SPIFFS_handler/SPIFFS_handler.cpp:3:
.pio/libdeps/esp32-s3-devkitm-1/TFT_eSPI/TFT_eSPI.h:973:8: warning: #warning >>>>------>> TOUCH_CS pin not defined, TFT_eSPI touch functions will not be available! [-Wcpp]
       #warning >>>>------>> TOUCH_CS pin not defined, TFT_eSPI touch functions will not be available!
        ^~~~~~~
In file included from lib/DOITlib/display_handler/display_handler.h:4,
                 from lib/DOITlib/display_handler/display_handler.cpp:1:
.pio/libdeps/esp32-s3-devkitm-1/TFT_eSPI/TFT_eSPI.h:973:8: warning: #warning >>>>------>> TOUCH_CS pin not defined, TFT_eSPI touch functions will not be available! [-Wcpp]
       #warning >>>>------>> TOUCH_CS pin not defined, TFT_eSPI touch functions will not be available!
        ^~~~~~~
In file included from lib/DOITlib/display_handler/display_handler.h:4,
                 from lib/DOITlib/botonera_DMS/botonera_DMS.cpp:9:
.pio/libdeps/esp32-s3-devkitm-1/TFT_eSPI/TFT_eSPI.h:973:8: warning: #warning >>>>------>> TOUCH_CS pin not defined, TFT_eSPI touch functions will not be available! [-Wcpp]
       #warning >>>>------>> TOUCH_CS pin not defined, TFT_eSPI touch functions will not be available!
        ^~~~~~~
In file included from .pio/libdeps/esp32-s3-devkitm-1/FastLED/src/FastLED.h:75,
                 from lib/DOITlib/Frame_DMS/Frame_DMS.h:10,
                 from lib/DOITlib/Element_DMS/Element_DMS.cpp:5:
.pio/libdeps/esp32-s3-devkitm-1/FastLED/src/fastspi.h:157:23: note: #pragma message: No hardware SPI pins defined.  All SPI access will default to bitbanged output
 #      pragma message "No hardware SPI pins defined.  All SPI access will default to bitbanged output"
                       ^~~~~~~~~~~~~~~~~~~~~~~~~~~~~~~~~~~~~~~~~~~~~~~~~~~~~~~~~~~~~~~~~~~~~~~~~~~~~~~~
Compiling .pio\build\esp32-s3-devkitm-1\lib9f9\DOITlib\microphone_DMS\microphone_DMS.cpp.o
In file included from .pio/libdeps/esp32-s3-devkitm-1/FastLED/src/FastLED.h:75,
                 from lib/DOITlib/Frame_DMS/Frame_DMS.h:10,
                 from lib/DOITlib/RelayManager_DMS/RelayStateManager.h:7,
                 from lib/DOITlib/RelayManager_DMS/RelayStateManager.cpp:1:
.pio/libdeps/esp32-s3-devkitm-1/FastLED/src/fastspi.h:157:23: note: #pragma message: No hardware SPI pins defined.  All SPI access will default to bitbanged output
 #      pragma message "No hardware SPI pins defined.  All SPI access will default to bitbanged output"
                       ^~~~~~~~~~~~~~~~~~~~~~~~~~~~~~~~~~~~~~~~~~~~~~~~~~~~~~~~~~~~~~~~~~~~~~~~~~~~~~~~
Compiling .pio\build\esp32-s3-devkitm-1\lib9f9\DOITlib\play_DMS\play_DMS.cpp.o
In file included from .pio/libdeps/esp32-s3-devkitm-1/FastLED/src/FastLED.h:75,
                 from lib/DOITlib/Frame_DMS/Frame_DMS.h:10,
                 from lib/DOITlib/Element_DMS/Element_DMS.h:10,
                 from lib/DOITlib/Colors_DMS/Color_DMS.h:7,
                 from lib/DOITlib/Pulsadores_handler/Pulsadores_handler.cpp:1:
.pio/libdeps/esp32-s3-devkitm-1/FastLED/src/fastspi.h:157:23: note: #pragma message: No hardware SPI pins defined.  All SPI access will default to bitbanged output
 #      pragma message "No hardware SPI pins defined.  All SPI access will default to bitbanged output"
                       ^~~~~~~~~~~~~~~~~~~~~~~~~~~~~~~~~~~~~~~~~~~~~~~~~~~~~~~~~~~~~~~~~~~~~~~~~~~~~~~~
In file included from .pio/libdeps/esp32-s3-devkitm-1/FastLED/src/FastLED.h:75,
                 from lib/DOITlib/Frame_DMS/Frame_DMS.h:10,
                 from lib/DOITlib/SPIFFS_handler/SPIFFS_handler.h:5,
                 from lib/DOITlib/encoder_handler/encoder_handler.h:3,
                 from lib/DOITlib/SPIFFS_handler/SPIFFS_handler.cpp:1:
.pio/libdeps/esp32-s3-devkitm-1/FastLED/src/fastspi.h:157:23: note: #pragma message: No hardware SPI pins defined.  All SPI access will default to bitbanged output
 #      pragma message "No hardware SPI pins defined.  All SPI access will default to bitbanged output"
                       ^~~~~~~~~~~~~~~~~~~~~~~~~~~~~~~~~~~~~~~~~~~~~~~~~~~~~~~~~~~~~~~~~~~~~~~~~~~~~~~~
In file included from .pio/libdeps/esp32-s3-devkitm-1/FastLED/src/FastLED.h:75,
                 from lib/DOITlib/Frame_DMS/Frame_DMS.h:10,
                 from lib/DOITlib/Element_DMS/Element_DMS.h:10,
                 from lib/DOITlib/Colors_DMS/Color_DMS.h:7,
                 from lib/DOITlib/botonera_DMS/botonera_DMS.h:5,
                 from lib/DOITlib/botonera_DMS/botonera_DMS.cpp:1:
.pio/libdeps/esp32-s3-devkitm-1/FastLED/src/fastspi.h:157:23: note: #pragma message: No hardware SPI pins defined.  All SPI access will default to bitbanged output
 #      pragma message "No hardware SPI pins defined.  All SPI access will default to bitbanged output"
                       ^~~~~~~~~~~~~~~~~~~~~~~~~~~~~~~~~~~~~~~~~~~~~~~~~~~~~~~~~~~~~~~~~~~~~~~~~~~~~~~~
Compiling .pio\build\esp32-s3-devkitm-1\lib9f9\DOITlib\token_DMS\token_DMS.cpp.o
In file included from .pio/libdeps/esp32-s3-devkitm-1/FastLED/src/FastLED.h:75,
                 from lib/DOITlib/Frame_DMS/Frame_DMS.h:10,
                 from lib/DOITlib/SPIFFS_handler/SPIFFS_handler.h:5,
                 from lib/DOITlib/display_handler/display_handler.cpp:2:
.pio/libdeps/esp32-s3-devkitm-1/FastLED/src/fastspi.h:157:23: note: #pragma message: No hardware SPI pins defined.  All SPI access will default to bitbanged output
 #      pragma message "No hardware SPI pins defined.  All SPI access will default to bitbanged output"
                       ^~~~~~~~~~~~~~~~~~~~~~~~~~~~~~~~~~~~~~~~~~~~~~~~~~~~~~~~~~~~~~~~~~~~~~~~~~~~~~~~
In file included from lib/DOITlib/display_handler/display_handler.h:4,
                 from lib/DOITlib/encoder_handler/encoder_handler.cpp:4:
.pio/libdeps/esp32-s3-devkitm-1/TFT_eSPI/TFT_eSPI.h:973:8: warning: #warning >>>>------>> TOUCH_CS pin not defined, TFT_eSPI touch functions will not be available! [-Wcpp]
       #warning >>>>------>> TOUCH_CS pin not defined, TFT_eSPI touch functions will not be available!
        ^~~~~~~
Compiling .pio\build\esp32-s3-devkitm-1\FrameworkArduino\Esp.cpp.o
Compiling .pio\build\esp32-s3-devkitm-1\FrameworkArduino\FirmwareMSC.cpp.o
Compiling .pio\build\esp32-s3-devkitm-1\FrameworkArduino\FunctionalInterrupt.cpp.o
Compiling .pio\build\esp32-s3-devkitm-1\FrameworkArduino\HWCDC.cpp.o
In file included from .pio/libdeps/esp32-s3-devkitm-1/FastLED/src/FastLED.h:75,
                 from lib/DOITlib/Frame_DMS/Frame_DMS.h:10,
                 from lib/DOITlib/SPIFFS_handler/SPIFFS_handler.h:5,
                 from lib/DOITlib/encoder_handler/encoder_handler.h:3,
                 from lib/DOITlib/encoder_handler/encoder_handler.cpp:1:
.pio/libdeps/esp32-s3-devkitm-1/FastLED/src/fastspi.h:157:23: note: #pragma message: No hardware SPI pins defined.  All SPI access will default to bitbanged output
 #      pragma message "No hardware SPI pins defined.  All SPI access will default to bitbanged output"
                       ^~~~~~~~~~~~~~~~~~~~~~~~~~~~~~~~~~~~~~~~~~~~~~~~~~~~~~~~~~~~~~~~~~~~~~~~~~~~~~~~
Compiling .pio\build\esp32-s3-devkitm-1\FrameworkArduino\HardwareSerial.cpp.o
In file included from .pio/libdeps/esp32-s3-devkitm-1/FastLED/src/FastLED.h:75,
                 from lib/DOITlib/Frame_DMS/Frame_DMS.h:10,
                 from lib/DOITlib/Element_DMS/Element_DMS.h:10,
                 from lib/DOITlib/microphone_DMS/microphone_DMS.h:6,
                 from lib/DOITlib/microphone_DMS/microphone_DMS.cpp:3:
.pio/libdeps/esp32-s3-devkitm-1/FastLED/src/fastspi.h:157:23: note: #pragma message: No hardware SPI pins defined.  All SPI access will default to bitbanged output
 #      pragma message "No hardware SPI pins defined.  All SPI access will default to bitbanged output"
                       ^~~~~~~~~~~~~~~~~~~~~~~~~~~~~~~~~~~~~~~~~~~~~~~~~~~~~~~~~~~~~~~~~~~~~~~~~~~~~~~~
Compiling .pio\build\esp32-s3-devkitm-1\FrameworkArduino\IPAddress.cpp.o
In file included from .pio/libdeps/esp32-s3-devkitm-1/FastLED/src/FastLED.h:75,
                 from lib/DOITlib/Frame_DMS/Frame_DMS.h:10,
                 from lib/DOITlib/Element_DMS/Element_DMS.h:10,
                 from lib/DOITlib/play_DMS/play_DMS.h:6,
                 from lib/DOITlib/play_DMS/play_DMS.cpp:1:
.pio/libdeps/esp32-s3-devkitm-1/FastLED/src/fastspi.h:157:23: note: #pragma message: No hardware SPI pins defined.  All SPI access will default to bitbanged output
 #      pragma message "No hardware SPI pins defined.  All SPI access will default to bitbanged output"
                       ^~~~~~~~~~~~~~~~~~~~~~~~~~~~~~~~~~~~~~~~~~~~~~~~~~~~~~~~~~~~~~~~~~~~~~~~~~~~~~~~
Compiling .pio\build\esp32-s3-devkitm-1\FrameworkArduino\IPv6Address.cpp.o
Compiling .pio\build\esp32-s3-devkitm-1\FrameworkArduino\MD5Builder.cpp.o
Compiling .pio\build\esp32-s3-devkitm-1\FrameworkArduino\Print.cpp.o
Compiling .pio\build\esp32-s3-devkitm-1\FrameworkArduino\Stream.cpp.o
In file included from .pio/libdeps/esp32-s3-devkitm-1/FastLED/src/FastLED.h:75,
                 from lib/DOITlib/Frame_DMS/Frame_DMS.h:10,
                 from lib/DOITlib/token_DMS/token_DMS.h:7,
                 from lib/DOITlib/token_DMS/token_DMS.cpp:3:
.pio/libdeps/esp32-s3-devkitm-1/FastLED/src/fastspi.h:157:23: note: #pragma message: No hardware SPI pins defined.  All SPI access will default to bitbanged output
 #      pragma message "No hardware SPI pins defined.  All SPI access will default to bitbanged output"
                       ^~~~~~~~~~~~~~~~~~~~~~~~~~~~~~~~~~~~~~~~~~~~~~~~~~~~~~~~~~~~~~~~~~~~~~~~~~~~~~~~
Compiling .pio\build\esp32-s3-devkitm-1\FrameworkArduino\StreamString.cpp.o
Compiling .pio\build\esp32-s3-devkitm-1\FrameworkArduino\Tone.cpp.o
Compiling .pio\build\esp32-s3-devkitm-1\FrameworkArduino\USB.cpp.o
Archiving .pio\build\esp32-s3-devkitm-1\lib9f9\libDOITlib.a
Compiling .pio\build\esp32-s3-devkitm-1\FrameworkArduino\USBCDC.cpp.o
Compiling .pio\build\esp32-s3-devkitm-1\FrameworkArduino\USBMSC.cpp.o
Compiling .pio\build\esp32-s3-devkitm-1\FrameworkArduino\WMath.cpp.o
Compiling .pio\build\esp32-s3-devkitm-1\FrameworkArduino\WString.cpp.o
Compiling .pio\build\esp32-s3-devkitm-1\FrameworkArduino\base64.cpp.o
Compiling .pio\build\esp32-s3-devkitm-1\FrameworkArduino\cbuf.cpp.o
Compiling .pio\build\esp32-s3-devkitm-1\FrameworkArduino\esp32-hal-adc.c.o
Compiling .pio\build\esp32-s3-devkitm-1\FrameworkArduino\esp32-hal-bt.c.o
Compiling .pio\build\esp32-s3-devkitm-1\FrameworkArduino\esp32-hal-cpu.c.o
Compiling .pio\build\esp32-s3-devkitm-1\FrameworkArduino\esp32-hal-dac.c.o
Compiling .pio\build\esp32-s3-devkitm-1\FrameworkArduino\esp32-hal-gpio.c.o
Compiling .pio\build\esp32-s3-devkitm-1\FrameworkArduino\esp32-hal-i2c-slave.c.o
Compiling .pio\build\esp32-s3-devkitm-1\FrameworkArduino\esp32-hal-i2c.c.o
Compiling .pio\build\esp32-s3-devkitm-1\FrameworkArduino\esp32-hal-ledc.c.o
Compiling .pio\build\esp32-s3-devkitm-1\FrameworkArduino\esp32-hal-matrix.c.o
Compiling .pio\build\esp32-s3-devkitm-1\FrameworkArduino\esp32-hal-misc.c.o
Compiling .pio\build\esp32-s3-devkitm-1\FrameworkArduino\esp32-hal-psram.c.o
Compiling .pio\build\esp32-s3-devkitm-1\FrameworkArduino\esp32-hal-rgb-led.c.o
Compiling .pio\build\esp32-s3-devkitm-1\FrameworkArduino\esp32-hal-rmt.c.o
Compiling .pio\build\esp32-s3-devkitm-1\FrameworkArduino\esp32-hal-sigmadelta.c.o
Compiling .pio\build\esp32-s3-devkitm-1\FrameworkArduino\esp32-hal-spi.c.o
Compiling .pio\build\esp32-s3-devkitm-1\FrameworkArduino\esp32-hal-time.c.o
Compiling .pio\build\esp32-s3-devkitm-1\FrameworkArduino\esp32-hal-timer.c.o
Compiling .pio\build\esp32-s3-devkitm-1\FrameworkArduino\esp32-hal-tinyusb.c.o
Compiling .pio\build\esp32-s3-devkitm-1\FrameworkArduino\esp32-hal-touch.c.o
Compiling .pio\build\esp32-s3-devkitm-1\FrameworkArduino\esp32-hal-uart.c.o
Compiling .pio\build\esp32-s3-devkitm-1\FrameworkArduino\firmware_msc_fat.c.o
Compiling .pio\build\esp32-s3-devkitm-1\FrameworkArduino\libb64\cdecode.c.o
Compiling .pio\build\esp32-s3-devkitm-1\FrameworkArduino\libb64\cencode.c.o
Compiling .pio\build\esp32-s3-devkitm-1\FrameworkArduino\main.cpp.o
Compiling .pio\build\esp32-s3-devkitm-1\FrameworkArduino\stdlib_noniso.c.o
Compiling .pio\build\esp32-s3-devkitm-1\FrameworkArduino\wiring_pulse.c.o
Compiling .pio\build\esp32-s3-devkitm-1\FrameworkArduino\wiring_shift.c.o
Archiving .pio\build\esp32-s3-devkitm-1\libFrameworkArduino.a
Linking .pio\build\esp32-s3-devkitm-1\firmware.elf
Retrieving maximum program size .pio\build\esp32-s3-devkitm-1\firmware.elf
Checking size .pio\build\esp32-s3-devkitm-1\firmware.elf
Advanced Memory Usage is available via "PlatformIO Home > Project Inspect"
RAM:   [====      ]  43.6% (used 142964 bytes from 327680 bytes)
Flash: [====      ]  37.1% (used 1239009 bytes from 3342336 bytes)
Building .pio\build\esp32-s3-devkitm-1\firmware.bin
esptool.py v4.5.1
Creating esp32s3 image...
Merged 3 ELF sections
Successfully created esp32s3 image.
========================= [SUCCESS] Took 36.55 seconds =========================

Environment         Status    Duration
------------------  --------  ------------
esp32-s3-devkitm-1  SUCCESS   00:00:36.549
========================= 1 succeeded in 00:00:36.549 =========================

********************************************************************************
There is a new version 6.1.19 of PlatformIO available.
Please upgrade it via `platformio upgrade` or `python -m pip install -U platformio` command.
Changes: https://docs.platformio.org/en/latest/history.html
********************************************************************************

